2018-06-25 10:59:20,245 INFO  [log] Début du test -- Cas : 1.0 000
2018-06-25 10:59:23,689 INFO  [log] Fin du test -- Cas : 1.0
2018-06-25 10:59:25,553 INFO  [log] Début du test -- Cas : 1.0 000
2018-06-25 10:59:25,681 INFO  [log] Fin du test -- Cas : 1.0
2018-06-25 10:59:28,060 INFO  [log] Début du test -- Cas : 1.0 000
2018-06-25 10:59:28,951 INFO  [log] Fin du test -- Cas : 1.0
2018-06-25 10:59:30,568 INFO  [log] Début du test -- Cas : 1.0 000
2018-06-25 10:59:30,643 INFO  [log] Fin du test -- Cas : 1.0
2018-06-25 10:59:31,599 INFO  [log] Début du test -- Cas : 1.0 000
2018-06-25 10:59:32,576 INFO  [log] Fin du test -- Cas : 1.0
2018-06-25 10:59:34,716 INFO  [log] Début du test -- Cas : 1.0 000
2018-06-25 10:59:34,790 INFO  [log] Fin du test -- Cas : 1.0
2018-06-25 10:59:36,423 INFO  [log] Début du test -- Cas : 1.0 307
2018-06-25 10:59:36,948 INFO  [log] Fin du test -- Cas : 1.0
2018-06-25 10:59:36,949 INFO  [log] Début du test -- Cas : 1.1 384
2018-06-25 10:59:37,484 INFO  [log] Fin du test -- Cas : 1.1
2018-06-25 10:59:37,484 INFO  [log] Début du test -- Cas : 1.3 370
2018-06-25 10:59:38,134 INFO  [log] Fin du test -- Cas : 1.3
2018-06-25 10:59:38,134 INFO  [log] Début du test -- Cas : 1.0 000
2018-06-25 10:59:40,148 INFO  [log] Fin du test -- Cas : 1.0
2018-06-25 10:59:40,149 INFO  [log] Début du test -- Cas : 1.1 000
2018-06-25 10:59:41,837 INFO  [log] Fin du test -- Cas : 1.1
2018-06-25 10:59:41,837 INFO  [log] Début du test -- Cas : 1.0 000
2018-06-25 10:59:42,887 INFO  [log] Fin du test -- Cas : 1.0
2018-06-25 10:59:42,926 INFO  [log] Début du test -- Cas : null null
2018-06-25 10:59:43,446 INFO  [log] Fin du test -- Cas : null
2018-06-25 10:59:43,620 INFO  [log] Début du test -- Cas : 1.0 000
2018-06-25 10:59:44,550 INFO  [log] Fin du test -- Cas : 1.0
2018-06-25 10:59:46,164 INFO  [log] Début du test -- Cas : 1.0 000
2018-06-25 10:59:46,215 INFO  [log] Fin du test -- Cas : 1.0
2018-06-25 10:59:48,075 INFO  [log] Début du test -- Cas : 1.0 000
2018-06-25 10:59:48,924 INFO  [log] Fin du test -- Cas : 1.0
2018-06-25 10:59:50,542 INFO  [log] Début du test -- Cas : 1.0 000
2018-06-25 10:59:50,571 INFO  [log] Fin du test -- Cas : 1.0
2018-06-25 10:59:54,703 INFO  [log] Début du test -- Cas : 1.0 000
2018-06-25 10:59:55,872 INFO  [log] Fin du test -- Cas : 1.0
2018-06-25 10:59:57,707 INFO  [log] Début du test -- Cas : 1.0 000
2018-06-25 10:59:57,759 INFO  [log] Fin du test -- Cas : 1.0
2018-06-25 11:00:00,518 INFO  [log] Début du test -- Cas : 1.0 000
2018-06-25 11:00:01,428 INFO  [log] Fin du test -- Cas : 1.0
2018-06-25 11:00:03,070 INFO  [log] Début du test -- Cas : C 000
2018-06-25 11:00:03,134 INFO  [log] Fin du test -- Cas : C
2018-06-25 11:00:04,575 INFO  [log] Début du test -- Cas : 1.0 000
2018-06-25 11:00:05,711 INFO  [log] Fin du test -- Cas : 1.0
2018-06-25 11:00:07,358 INFO  [log] Début du test -- Cas : C 000
2018-06-25 11:00:07,439 INFO  [log] Fin du test -- Cas : C
2018-06-25 11:00:09,271 INFO  [log] Début du test -- Cas : 1.0 000
2018-06-25 11:00:10,157 INFO  [log] Fin du test -- Cas : 1.0
2018-06-25 11:00:11,613 INFO  [log] Début du test -- Cas : 1.0 000
2018-06-25 11:00:11,672 INFO  [log] Fin du test -- Cas : 1.0
2018-06-25 11:00:13,851 INFO  [log] Début du test -- Cas : 1.0 000
2018-06-25 11:00:14,561 INFO  [log] Fin du test -- Cas : 1.0
2018-06-25 11:00:15,902 INFO  [log] Début du test -- Cas : C 000
2018-06-25 11:00:15,949 INFO  [log] Fin du test -- Cas : C
2018-06-25 11:00:18,078 INFO  [log] Début du test -- Cas : 1.0 000
2018-06-25 11:00:18,993 INFO  [log] Fin du test -- Cas : 1.0
2018-06-25 11:00:20,352 INFO  [log] Début du test -- Cas : 1.0 000
2018-06-25 11:00:20,396 INFO  [log] Fin du test -- Cas : 1.0
2018-06-25 11:00:21,152 INFO  [log] Début du test -- Cas : 1.0 000
2018-06-25 11:00:22,081 INFO  [log] Fin du test -- Cas : 1.0
2018-06-25 11:00:23,616 INFO  [log] Début du test -- Cas : ANDROID 000
2018-06-25 11:00:23,661 INFO  [log] Fin du test -- Cas : ANDROID
2018-06-25 11:00:25,198 INFO  [log] Début du test -- Cas : 1.0 000
2018-06-25 11:00:25,950 INFO  [log] Fin du test -- Cas : 1.0
2018-06-25 11:00:27,339 INFO  [log] Début du test -- Cas : C 000
2018-06-25 11:00:27,392 INFO  [log] Fin du test -- Cas : C
2018-06-25 11:00:28,296 INFO  [log] Début du test -- Cas : 1.0 000
2018-06-25 11:00:28,886 INFO  [log] Fin du test -- Cas : 1.0
2018-06-25 11:00:30,483 INFO  [log] Début du test -- Cas : C 000
2018-06-25 11:00:30,538 INFO  [log] Fin du test -- Cas : C
2018-06-25 11:00:31,854 INFO  [log] Début du test -- Cas : 1.0 000
2018-06-25 11:00:32,812 INFO  [log] Fin du test -- Cas : 1.0
2018-06-25 11:00:34,429 INFO  [log] Début du test -- Cas : 1.0 000
2018-06-25 11:00:34,493 INFO  [log] Fin du test -- Cas : 1.0
2018-06-25 11:00:35,502 INFO  [log] Début du test -- Cas : 1.0 000
2018-06-25 11:00:36,477 INFO  [log] Fin du test -- Cas : 1.0
2018-06-25 11:00:37,973 INFO  [log] Début du test -- Cas : 1.0 000
2018-06-25 11:00:38,621 INFO  [log] Fin du test -- Cas : 1.0
2018-06-25 11:00:39,586 INFO  [log] Début du test -- Cas : 1.1 000
2018-06-25 11:00:40,467 INFO  [log] Fin du test -- Cas : 1.1
2018-06-25 11:00:42,015 INFO  [log] Début du test -- Cas : 1.0 000
2018-06-25 11:00:43,050 INFO  [log] Fin du test -- Cas : 1.0
2018-06-25 11:00:44,793 INFO  [log] Début du test -- Cas : 1.0 196
2018-06-25 11:00:44,923 INFO  [log] Fin du test -- Cas : 1.0
2018-06-25 11:00:46,220 INFO  [log] Début du test -- Cas : 1.0 000
2018-06-25 11:00:47,873 INFO  [log] Fin du test -- Cas : 1.0
2018-06-25 11:00:47,873 INFO  [log] Début du test -- Cas : 1.0 300
2018-06-25 11:00:49,176 INFO  [log] Fin du test -- Cas : 1.0
2018-06-25 11:00:49,177 INFO  [log] Début du test -- Cas : 1.0 381
2018-06-25 11:00:50,451 INFO  [log] Fin du test -- Cas : 1.0
2018-06-25 11:00:50,452 INFO  [log] Début du test -- Cas : 1.0 312
2018-06-25 11:00:52,087 INFO  [log] Fin du test -- Cas : 1.0
2018-06-25 11:00:52,446 INFO  [log] Début du test -- Cas : A 000
2018-06-25 11:00:53,233 INFO  [log] Fin du test -- Cas : A
2018-06-25 11:00:53,455 INFO  [log] Début du test -- Cas : 1.0 000
2018-06-25 11:00:54,238 INFO  [log] Fin du test -- Cas : 1.0
2018-06-25 11:00:54,238 INFO  [log] Début du test -- Cas : 1.0 307
2018-06-25 11:00:57,342 INFO  [log] Fin du test -- Cas : 1.0
2018-06-25 11:00:57,343 INFO  [log] Début du test -- Cas : 1.0 300
2018-06-25 11:00:58,086 INFO  [log] Fin du test -- Cas : 1.0
2018-06-25 11:00:58,086 INFO  [log] Début du test -- Cas : 1.0 384
2018-06-25 11:00:58,614 INFO  [log] Fin du test -- Cas : 1.0
2018-06-25 11:00:58,748 INFO  [log] Début du test -- Cas : 1.0 000
2018-06-25 11:00:59,699 INFO  [log] Fin du test -- Cas : 1.0
2018-06-25 11:01:01,221 INFO  [log] Début du test -- Cas : 1.0 000
2018-06-25 11:01:01,971 INFO  [log] Fin du test -- Cas : 1.0
2018-06-25 11:01:02,710 INFO  [log] Début du test -- Cas : 1.0 311 
2018-06-25 11:01:03,549 INFO  [log] Fin du test -- Cas : 1.0
2018-06-25 11:01:03,549 INFO  [log] Début du test -- Cas : 1.0 307
2018-06-25 11:01:04,125 INFO  [log] Fin du test -- Cas : 1.0
2018-06-25 11:01:04,126 INFO  [log] Début du test -- Cas : 1.0 300
2018-06-25 11:01:04,711 INFO  [log] Fin du test -- Cas : 1.0
2018-06-25 11:01:04,711 INFO  [log] Début du test -- Cas : 1.0 000
2018-06-25 11:01:05,440 INFO  [log] Fin du test -- Cas : 1.0
2018-06-25 11:01:05,440 INFO  [log] Début du test -- Cas : 1.2 384
2018-06-25 11:01:05,975 INFO  [log] Fin du test -- Cas : 1.2
2018-06-25 11:01:06,119 INFO  [log] Début du test -- Cas : 1.0 000
2018-06-25 11:01:06,863 INFO  [log] Fin du test -- Cas : 1.0
2018-06-25 11:01:06,863 INFO  [log] Début du test -- Cas : 1.0 307
2018-06-25 11:01:07,380 INFO  [log] Fin du test -- Cas : 1.0
2018-06-25 11:01:07,380 INFO  [log] Début du test -- Cas : 1.0 300
2018-06-25 11:01:08,060 INFO  [log] Fin du test -- Cas : 1.0
2018-06-25 11:01:08,060 INFO  [log] Début du test -- Cas : 1.3 384
2018-06-25 11:01:08,582 INFO  [log] Fin du test -- Cas : 1.3
2018-06-25 11:01:08,705 INFO  [log] Début du test -- Cas : 1.1 000
2018-06-25 11:01:08,904 INFO  [log] Fin du test -- Cas : 1.1
2018-06-25 11:01:09,655 INFO  [log] Début du test -- Cas : 1.2 000
2018-06-25 11:01:09,957 INFO  [log] Fin du test -- Cas : 1.2
2018-06-25 11:01:09,958 INFO  [log] Début du test -- Cas : 1.1 307
2018-06-25 11:01:11,015 INFO  [log] Fin du test -- Cas : 1.1
2018-06-25 11:01:11,015 INFO  [log] Début du test -- Cas : 1.0 300
2018-06-25 11:01:11,609 INFO  [log] Fin du test -- Cas : 1.0
2018-06-25 11:01:11,609 INFO  [log] Début du test -- Cas : 1.2 310
2018-06-25 11:01:12,323 INFO  [log] Fin du test -- Cas : 1.2
2018-06-25 11:01:12,323 INFO  [log] Début du test -- Cas : 1.3 384
2018-06-25 11:01:12,847 INFO  [log] Fin du test -- Cas : 1.3
2018-06-25 11:01:13,603 INFO  [log] Début du test -- Cas : 1.0 196
2018-06-25 11:01:14,240 INFO  [log] Fin du test -- Cas : 1.0
2018-06-25 11:01:14,240 INFO  [log] Début du test -- Cas : 1.0 307
2018-06-25 11:01:14,833 INFO  [log] Fin du test -- Cas : 1.0
2018-06-25 11:01:14,833 INFO  [log] Début du test -- Cas : 1.4 384
2018-06-25 11:01:15,353 INFO  [log] Fin du test -- Cas : 1.4
2018-06-25 11:01:15,353 INFO  [log] Début du test -- Cas : 1.0 300
2018-06-25 11:01:16,467 INFO  [log] Fin du test -- Cas : 1.0
2018-06-25 11:01:17,497 INFO  [log] Début du test --Cas: 1.2 307
2018-06-25 11:01:17,596 INFO  [log] Fin du test --cas: 1.2
2018-06-25 11:01:17,596 INFO  [log] Début du test --Cas: 1.0 300
2018-06-25 11:01:18,457 INFO  [log] Fin du test --cas: 1.0
2018-06-25 11:01:18,458 INFO  [log] Début du test --Cas: 1.2 305
2018-06-25 11:01:19,322 INFO  [log] Fin du test --cas: 1.2
2018-06-25 11:01:19,322 INFO  [log] Début du test --Cas: 1.0 306
2018-06-25 11:01:20,068 INFO  [log] Fin du test --cas: 1.0
2018-06-25 11:01:20,068 INFO  [log] Début du test --Cas: 1.3 384
2018-06-25 11:01:20,596 INFO  [log] Fin du test --cas: 1.3
2018-06-25 11:01:20,596 INFO  [log] Début du test --Cas: 1.2 304
2018-06-25 11:01:21,786 INFO  [log] Fin du test --cas: 1.2
2018-06-25 11:01:22,040 INFO  [log] Début du test -- Cas : 1.0 000
2018-06-25 11:01:22,643 INFO  [log] Fin du test -- Cas : 1.0
2018-06-25 11:01:22,953 INFO  [log] Début du test -- Cas : 1.0 300
2018-06-25 11:01:23,653 INFO  [log] Fin du test -- Cas : 1.0
2018-06-25 11:01:23,653 INFO  [log] Début du test -- Cas : 1.0 384
2018-06-25 11:01:24,178 INFO  [log] Fin du test -- Cas : 1.0
2018-06-25 11:01:24,178 INFO  [log] Début du test -- Cas : 1.0 000
2018-06-25 11:01:25,028 INFO  [log] Fin du test -- Cas : 1.0
2018-06-25 11:01:25,040 INFO  [log] Début du test -- Cas : 1.0 307
2018-06-25 11:01:25,549 INFO  [log] Fin du test -- Cas : 1.0
2018-06-25 11:01:25,549 INFO  [log] Début du test -- Cas : 1.0 196
2018-06-25 11:01:26,123 INFO  [log] Fin du test -- Cas : 1.0
2018-06-25 11:01:26,800 INFO  [log] Début du test -- Cas : 1.0 000
2018-06-25 11:01:27,484 INFO  [log] Fin du test -- Cas : 1.0
2018-06-25 11:01:27,484 INFO  [log] Début du test -- Cas : 1.0 309
2018-06-25 11:01:28,149 INFO  [log] Fin du test -- Cas : 1.0
2018-06-25 11:01:28,149 INFO  [log] Début du test -- Cas : 1.0 307
2018-06-25 11:01:28,665 INFO  [log] Fin du test -- Cas : 1.0
2018-06-25 11:01:28,665 INFO  [log] Début du test -- Cas : 1.0 384
2018-06-25 11:01:29,185 INFO  [log] Fin du test -- Cas : 1.0
2018-06-25 11:01:29,185 INFO  [log] Début du test -- Cas : 1.0 300
2018-06-25 11:01:29,859 INFO  [log] Fin du test -- Cas : 1.0
2018-06-25 11:01:29,997 INFO  [log] Début du test -- Cas : 1.0 000
2018-06-25 11:01:30,759 INFO  [log] Fin du test -- Cas : 1.0
2018-06-25 11:01:30,759 INFO  [log] Début du test -- Cas : 1.2 307
2018-06-25 11:01:31,358 INFO  [log] Fin du test -- Cas : 1.2
2018-06-25 11:01:31,358 INFO  [log] Début du test -- Cas : 1.0 300
2018-06-25 11:01:31,958 INFO  [log] Fin du test -- Cas : 1.0
2018-06-25 11:01:31,958 INFO  [log] Début du test -- Cas : 1.4 384
2018-06-25 11:01:32,480 INFO  [log] Fin du test -- Cas : 1.4
2018-06-25 11:01:32,747 INFO  [log] Début du test -- Cas : 1.0 196
2018-06-25 11:01:33,388 INFO  [log] Fin du test -- Cas : 1.0
2018-06-25 11:01:33,388 INFO  [log] Début du test -- Cas : 1.2 307
2018-06-25 11:01:33,992 INFO  [log] Fin du test -- Cas : 1.2
2018-06-25 11:01:33,993 INFO  [log] Début du test -- Cas : 1.0 384
2018-06-25 11:01:34,514 INFO  [log] Fin du test -- Cas : 1.0
2018-06-25 11:01:34,514 INFO  [log] Début du test -- Cas : 1.0 300
2018-06-25 11:01:35,214 INFO  [log] Fin du test -- Cas : 1.0
2018-06-25 11:01:35,360 INFO  [log] Début du test -- Cas : 1.0 000
2018-06-25 11:01:35,960 INFO  [log] Fin du test -- Cas : 1.0
2018-06-25 11:01:35,960 INFO  [log] Début du test -- Cas : 1.0 307
2018-06-25 11:01:36,559 INFO  [log] Fin du test -- Cas : 1.0
2018-06-25 11:01:36,559 INFO  [log] Début du test -- Cas : 1.0 300
2018-06-25 11:01:37,183 INFO  [log] Fin du test -- Cas : 1.0
2018-06-25 11:01:37,183 INFO  [log] Début du test -- Cas : 1.1 384
2018-06-25 11:01:37,705 INFO  [log] Fin du test -- Cas : 1.1
2018-06-25 11:01:40,268 INFO  [log] Début du test -- Cas : 1.1 000
2018-06-25 11:01:40,551 INFO  [log] Fin du test -- Cas : 1.1
2018-06-25 11:01:40,801 INFO  [log] Début du test -- Cas : 1.0 000
2018-06-25 11:01:41,408 INFO  [log] Fin du test -- Cas : 1.0
2018-06-25 11:01:41,660 INFO  [log] Début du test -- Cas : 1.1 000
2018-06-25 11:01:42,258 INFO  [log] Fin du test -- Cas : 1.1
2018-06-25 11:01:42,379 INFO  [log] Début du test -- Cas : null 300
2018-06-25 11:01:42,392 INFO  [log] Fin du test -- Cas : null
2018-06-25 11:01:43,031 INFO  [log] Début du test -- Cas : 1.0 000
2018-06-25 11:01:43,871 INFO  [log] Fin du test -- Cas : 1.0
2018-06-25 11:01:45,370 INFO  [log] Début du test -- Cas : C 000
2018-06-25 11:01:45,410 INFO  [log] Fin du test -- Cas : C
2018-06-25 11:01:46,621 INFO  [log] Début du test -- Cas : 1.1 000
2018-06-25 11:01:47,623 INFO  [log] Fin du test -- Cas : 1.1
2018-06-25 11:01:49,210 INFO  [log] Début du test -- Cas : A 000
2018-06-25 11:01:49,247 INFO  [log] Fin du test -- Cas : A
2018-06-25 11:01:49,937 INFO  [log] Début du test -- Cas : 1.1 000
2018-06-25 11:01:50,917 INFO  [log] Fin du test -- Cas : 1.1
2018-06-25 11:01:52,556 INFO  [log] Début du test -- Cas : A 000
2018-06-25 11:01:52,580 INFO  [log] Fin du test -- Cas : A
2018-06-25 11:01:54,572 INFO  [log] Début du test -- Cas :  
2018-06-25 11:01:55,086 INFO  [log] Fin du test -- Cas : 
2018-06-25 11:01:55,241 INFO  [log] Début du test -- Cas : C 000
2018-06-25 11:01:55,787 INFO  [log] Fin du test -- Cas : C
2018-06-25 11:01:55,914 INFO  [log] Début du test -- Cas : 1.1 000
2018-06-25 11:01:56,811 INFO  [log] Fin du test -- Cas : 1.1
2018-06-25 11:01:58,262 INFO  [log] Début du test -- Cas : A 000
2018-06-25 11:01:58,306 INFO  [log] Fin du test -- Cas : A
2018-06-25 11:02:00,878 INFO  [log] Début du test -- Cas : 1.0 000
2018-06-25 11:02:01,807 INFO  [log] Fin du test -- Cas : 1.0
2018-06-25 11:02:03,333 INFO  [log] Début du test -- Cas : C 000
2018-06-25 11:02:03,373 INFO  [log] Fin du test -- Cas : C
2018-06-25 11:02:04,344 INFO  [log] Début du test -- Cas : 1.0 000
2018-06-25 11:02:05,291 INFO  [log] Fin du test -- Cas : 1.0
2018-06-25 11:02:06,696 INFO  [log] Début du test -- Cas : C 000
2018-06-25 11:02:06,743 INFO  [log] Fin du test -- Cas : C
2018-06-25 11:02:08,209 INFO  [log] Début du test -- Cas : 1.0 000
2018-06-25 11:02:08,873 INFO  [log] Fin du test -- Cas : 1.0
2018-06-25 11:02:09,004 INFO  [log] Début du test -- Cas : 1.0 000
2018-06-25 11:02:09,807 INFO  [log] Fin du test -- Cas : 1.0
2018-06-25 11:02:11,364 INFO  [log] Début du test -- Cas : 1.0 000
2018-06-25 11:02:11,417 INFO  [log] Fin du test -- Cas : 1.0
2018-06-25 11:02:12,765 INFO  [log] Début du test -- Cas : 1.1 000
2018-06-25 11:02:13,663 INFO  [log] Fin du test -- Cas : 1.1
2018-06-25 11:02:15,220 INFO  [log] Début du test -- Cas : 1.1 000
2018-06-25 11:02:15,439 INFO  [log] Fin du test -- Cas : 1.1
2018-06-25 11:02:16,259 INFO  [log] Début du test -- Cas : 1.0 000
2018-06-25 11:02:17,245 INFO  [log] Fin du test -- Cas : 1.0
2018-06-25 11:02:18,730 INFO  [log] Début du test -- Cas : 1.0 000
2018-06-25 11:02:18,967 INFO  [log] Fin du test -- Cas : 1.0
2018-06-25 11:02:19,770 INFO  [log] Début du test -- Cas : 1.0 000
2018-06-25 11:02:20,526 INFO  [log] Fin du test -- Cas : 1.0
2018-06-25 11:02:21,954 INFO  [log] Début du test -- Cas : 1.0 000
2018-06-25 11:02:22,164 INFO  [log] Fin du test -- Cas : 1.0
2018-06-25 11:02:22,988 INFO  [log] Début du test -- Cas : 1.1 000
2018-06-25 11:02:23,726 INFO  [log] Fin du test -- Cas : 1.1
2018-06-25 11:02:25,310 INFO  [log] Début du test -- Cas : 1.1 000
2018-06-25 11:02:25,346 INFO  [log] Fin du test -- Cas : 1.1
2018-06-25 11:02:26,896 INFO  [log] Début du test -- Cas : 1.0 000
2018-06-25 11:02:27,626 INFO  [log] Fin du test -- Cas : 1.0
2018-06-25 11:02:29,200 INFO  [log] Début du test -- Cas : 1.0 000
2018-06-25 11:02:29,233 INFO  [log] Fin du test -- Cas : 1.0
2018-06-25 11:02:30,436 INFO  [log] Début du test -- Cas : 1.0 000
2018-06-25 11:02:31,150 INFO  [log] Fin du test -- Cas : 1.0
2018-06-25 11:02:32,572 INFO  [log] Début du test -- Cas : 1.0 000
2018-06-25 11:02:33,105 INFO  [log] Fin du test -- Cas : 1.0
2018-06-25 11:02:33,904 INFO  [log] Début du test -- Cas : 1.0 000
2018-06-25 11:02:34,859 INFO  [log] Fin du test -- Cas : 1.0
2018-06-25 11:02:36,491 INFO  [log] Début du test -- Cas : 1.0 000
2018-06-25 11:02:36,812 INFO  [log] Fin du test -- Cas : 1.0
2018-06-25 11:02:37,641 INFO  [log] Début du test -- Cas : 1.0 000
2018-06-25 11:02:38,490 INFO  [log] Fin du test -- Cas : 1.0
2018-06-25 11:02:40,041 INFO  [log] Début du test -- Cas : 1.0 000
2018-06-25 11:02:40,080 INFO  [log] Fin du test -- Cas : 1.0
2018-06-25 11:02:41,029 INFO  [log] Début du test -- Cas : 1.0 000
2018-06-25 11:02:41,875 INFO  [log] Fin du test -- Cas : 1.0
2018-06-25 11:02:43,446 INFO  [log] Début du test -- Cas : 1.0 000
2018-06-25 11:02:43,482 INFO  [log] Fin du test -- Cas : 1.0
2018-06-25 11:02:44,738 INFO  [log] Début du test -- Cas : 1.0 000
2018-06-25 11:02:45,480 INFO  [log] Fin du test -- Cas : 1.0
2018-06-25 11:02:46,927 INFO  [log] Début du test -- Cas : 1.0 000
2018-06-25 11:02:46,963 INFO  [log] Fin du test -- Cas : 1.0
2018-06-25 11:02:48,658 INFO  [log] Début du test -- Cas : 1.1 000
2018-06-25 11:02:49,405 INFO  [log] Fin du test -- Cas : 1.1
2018-06-25 11:02:50,797 INFO  [log] Début du test -- Cas : ANDROID 000
2018-06-25 11:02:50,835 INFO  [log] Fin du test -- Cas : ANDROID
2018-06-25 11:02:51,743 INFO  [log] Début du test -- Cas : 1.1 000
2018-06-25 11:02:52,646 INFO  [log] Fin du test -- Cas : 1.1
2018-06-25 11:02:54,213 INFO  [log] Début du test -- Cas : A 000
2018-06-25 11:02:54,245 INFO  [log] Fin du test -- Cas : A
2018-06-25 11:02:54,949 INFO  [log] Début du test -- Cas : 1.1 000
2018-06-25 11:02:55,873 INFO  [log] Fin du test -- Cas : 1.1
2018-06-25 11:02:57,525 INFO  [log] Début du test -- Cas : 1.1 000
2018-06-25 11:02:57,563 INFO  [log] Fin du test -- Cas : 1.1
2018-06-25 11:03:00,389 INFO  [log] Début du test -- Cas : 1.1 000
2018-06-25 11:03:01,294 INFO  [log] Fin du test -- Cas : 1.1
2018-06-25 11:03:02,848 INFO  [log] Début du test -- Cas : 1.1 000
2018-06-25 11:03:02,868 INFO  [log] Fin du test -- Cas : 1.1
2018-06-25 11:03:04,461 INFO  [log] Début du test -- Cas : 1.1 000
2018-06-25 11:03:05,454 INFO  [log] Fin du test -- Cas : 1.1
2018-06-25 11:03:07,191 INFO  [log] Début du test -- Cas : 1.1 000
2018-06-25 11:03:07,226 INFO  [log] Fin du test -- Cas : 1.1
2018-06-25 11:03:09,010 INFO  [log] Début du test -- Cas : 1.1 000
2018-06-25 11:03:09,862 INFO  [log] Fin du test -- Cas : 1.1
2018-06-25 11:03:11,319 INFO  [log] Début du test -- Cas : A 000
2018-06-25 11:03:11,358 INFO  [log] Fin du test -- Cas : A
2018-06-25 11:03:14,168 INFO  [log] Début du test -- Cas : 1.1 000
2018-06-25 11:03:15,027 INFO  [log] Fin du test -- Cas : 1.1
2018-06-25 11:03:16,855 INFO  [log] Début du test -- Cas : 1.1 000
2018-06-25 11:03:16,901 INFO  [log] Fin du test -- Cas : 1.1
2018-06-25 11:03:17,717 INFO  [log] Début du test -- Cas : 1.1 000
2018-06-25 11:03:18,943 INFO  [log] Fin du test -- Cas : 1.1
2018-06-25 11:03:20,519 INFO  [log] Début du test -- Cas : ANDROID 000
2018-06-25 11:03:20,555 INFO  [log] Fin du test -- Cas : ANDROID
2018-06-25 11:03:21,411 INFO  [log] Début du test -- Cas : 1.1 000
2018-06-25 11:03:22,394 INFO  [log] Fin du test -- Cas : 1.1
2018-06-25 11:03:23,959 INFO  [log] Début du test -- Cas : 1.1 000
2018-06-25 11:03:23,997 INFO  [log] Fin du test -- Cas : 1.1
2018-06-25 11:03:26,572 INFO  [log] Début du test -- Cas : 1.0 000
2018-06-25 11:03:27,249 INFO  [log] Fin du test -- Cas : 1.0
2018-06-25 11:03:27,642 INFO  [log] Début du test -- Cas : 1.0 000
2018-06-25 11:03:28,315 INFO  [log] Fin du test -- Cas : 1.0
2018-06-25 11:03:28,316 INFO  [log] Début du test -- Cas : 1.0 307
2018-06-25 11:03:28,831 INFO  [log] Fin du test -- Cas : 1.0
2018-06-25 11:03:28,831 INFO  [log] Début du test -- Cas : 1.5 384
2018-06-25 11:03:29,354 INFO  [log] Fin du test -- Cas : 1.5
2018-06-25 11:03:29,354 INFO  [log] Début du test -- Cas : 1.0 300
2018-06-25 11:03:30,022 INFO  [log] Fin du test -- Cas : 1.0
2018-06-25 11:03:31,000 INFO  [log] Début du test -- Cas : 1.1 384
2018-06-25 11:03:31,521 INFO  [log] Fin du test -- Cas : 1.1
2018-06-25 11:03:31,522 INFO  [log] Début du test -- Cas : 1.0 000
2018-06-25 11:03:32,470 INFO  [log] Fin du test -- Cas : 1.0
2018-06-25 11:03:32,470 INFO  [log] Début du test -- Cas : 1.0 307
2018-06-25 11:03:32,987 INFO  [log] Fin du test -- Cas : 1.0
2018-06-25 11:03:32,987 INFO  [log] Début du test -- Cas : 1.0 300
2018-06-25 11:03:33,861 INFO  [log] Fin du test -- Cas : 1.0
2018-06-25 11:03:34,718 INFO  [log] Début du test -- Cas : 1.0 000
2018-06-25 11:03:36,088 INFO  [log] Fin du test -- Cas : 1.0
2018-06-25 11:03:37,159 INFO  [log] Début du test -- Cas : 1.0 000
2018-06-25 11:03:37,851 INFO  [log] Fin du test -- Cas : 1.0
2018-06-25 11:03:37,851 INFO  [log] [HwZeJbLfUu]
2018-06-25 11:20:06,353 INFO  [log] Début du test -- Cas : 1.0 000
2018-06-25 11:20:08,575 INFO  [log] Fin du test -- Cas : 1.0
2018-06-25 11:20:09,730 INFO  [log] Début du test -- Cas : 1.0 000
2018-06-25 11:20:09,771 INFO  [log] Fin du test -- Cas : 1.0
2018-06-25 11:20:11,521 INFO  [log] Début du test -- Cas : 1.0 000
2018-06-25 11:20:12,375 INFO  [log] Fin du test -- Cas : 1.0
2018-06-25 11:20:13,920 INFO  [log] Début du test -- Cas : 1.0 000
2018-06-25 11:20:13,965 INFO  [log] Fin du test -- Cas : 1.0
2018-06-25 11:20:14,778 INFO  [log] Début du test -- Cas : 1.0 000
2018-06-25 11:20:15,743 INFO  [log] Fin du test -- Cas : 1.0
2018-06-25 11:20:17,258 INFO  [log] Début du test -- Cas : 1.0 000
2018-06-25 11:20:17,293 INFO  [log] Fin du test -- Cas : 1.0
2018-06-25 11:20:18,714 INFO  [log] Début du test -- Cas : 1.0 307
2018-06-25 11:20:19,231 INFO  [log] Fin du test -- Cas : 1.0
2018-06-25 11:20:19,231 INFO  [log] Début du test -- Cas : 1.1 384
2018-06-25 11:20:19,754 INFO  [log] Fin du test -- Cas : 1.1
2018-06-25 11:20:19,754 INFO  [log] Début du test -- Cas : 1.3 370
2018-06-25 11:20:20,373 INFO  [log] Fin du test -- Cas : 1.3
2018-06-25 11:20:20,374 INFO  [log] Début du test -- Cas : 1.0 000
2018-06-25 11:20:21,713 INFO  [log] Fin du test -- Cas : 1.0
2018-06-25 11:20:21,713 INFO  [log] Début du test -- Cas : 1.1 000
2018-06-25 11:20:23,218 INFO  [log] Fin du test -- Cas : 1.1
2018-06-25 11:20:23,218 INFO  [log] Début du test -- Cas : 1.0 000
2018-06-25 11:20:24,218 INFO  [log] Fin du test -- Cas : 1.0
2018-06-25 11:20:24,258 INFO  [log] Début du test -- Cas : null null
2018-06-25 11:20:24,270 INFO  [log] Fin du test -- Cas : null
2018-06-25 11:20:24,458 INFO  [log] Début du test -- Cas : 1.0 000
2018-06-25 11:20:25,136 INFO  [log] Fin du test -- Cas : 1.0
2018-06-25 11:20:26,495 INFO  [log] Début du test -- Cas : 1.0 000
2018-06-25 11:20:26,532 INFO  [log] Fin du test -- Cas : 1.0
2018-06-25 11:20:27,956 INFO  [log] Début du test -- Cas : 1.0 000
2018-06-25 11:20:28,645 INFO  [log] Fin du test -- Cas : 1.0
2018-06-25 11:20:30,160 INFO  [log] Début du test -- Cas : 1.0 000
2018-06-25 11:20:30,196 INFO  [log] Fin du test -- Cas : 1.0
2018-06-25 11:20:32,454 INFO  [log] Début du test -- Cas : 1.0 000
2018-06-25 11:20:33,337 INFO  [log] Fin du test -- Cas : 1.0
2018-06-25 11:20:35,034 INFO  [log] Début du test -- Cas : 1.0 000
2018-06-25 11:20:35,093 INFO  [log] Fin du test -- Cas : 1.0
2018-06-25 11:20:38,328 INFO  [log] Début du test -- Cas : 1.0 000
2018-06-25 11:20:39,069 INFO  [log] Fin du test -- Cas : 1.0
2018-06-25 11:20:40,479 INFO  [log] Début du test -- Cas : C 000
2018-06-25 11:20:40,554 INFO  [log] Fin du test -- Cas : C
2018-06-25 11:20:41,873 INFO  [log] Début du test -- Cas : 1.0 000
2018-06-25 11:20:42,611 INFO  [log] Fin du test -- Cas : 1.0
2018-06-26 10:24:35,827 INFO  [log] Début du test -- Cas : 1.0 000
2018-06-26 10:24:39,604 INFO  [log] Fin du test -- Cas : 1.0
2018-06-26 10:24:40,964 INFO  [log] Début du test -- Cas : 1.0 000
2018-06-26 10:24:40,999 INFO  [log] Fin du test -- Cas : 1.0
2018-06-26 10:24:42,796 INFO  [log] Début du test -- Cas : 1.0 000
2018-06-26 10:24:43,737 INFO  [log] Fin du test -- Cas : 1.0
2018-06-26 10:24:45,374 INFO  [log] Début du test -- Cas : 1.0 000
2018-06-26 10:24:45,425 INFO  [log] Fin du test -- Cas : 1.0
2018-06-26 10:24:48,182 INFO  [log] Début du test -- Cas : 1.0 000
2018-06-26 10:24:49,064 INFO  [log] Fin du test -- Cas : 1.0
2018-06-26 10:24:50,674 INFO  [log] Début du test -- Cas : 1.0 000
2018-06-26 10:24:50,708 INFO  [log] Fin du test -- Cas : 1.0
2018-06-26 10:24:52,231 INFO  [log] Début du test -- Cas : 1.0 307
2018-06-26 10:24:52,747 INFO  [log] Fin du test -- Cas : 1.0
2018-06-26 10:24:52,748 INFO  [log] Début du test -- Cas : 1.1 384
2018-06-26 10:24:53,264 INFO  [log] Fin du test -- Cas : 1.1
2018-06-26 10:24:53,265 INFO  [log] Début du test -- Cas : 1.3 370
2018-06-26 10:24:53,878 INFO  [log] Fin du test -- Cas : 1.3
2018-06-26 10:24:53,878 INFO  [log] Début du test -- Cas : 1.0 000
2018-06-26 10:24:55,242 INFO  [log] Fin du test -- Cas : 1.0
2018-06-26 10:24:55,243 INFO  [log] Début du test -- Cas : 1.1 000
2018-06-26 10:24:58,480 INFO  [log] Fin du test -- Cas : 1.1
2018-06-26 10:24:58,480 INFO  [log] Début du test -- Cas : 1.0 000
2018-06-26 10:24:59,511 INFO  [log] Fin du test -- Cas : 1.0
2018-06-26 10:24:59,533 INFO  [log] Début du test -- Cas : null null
2018-06-26 10:25:00,047 INFO  [log] Fin du test -- Cas : null
2018-06-26 10:25:00,227 INFO  [log] Début du test -- Cas : 1.0 000
2018-06-26 10:25:01,192 INFO  [log] Fin du test -- Cas : 1.0
2018-06-26 10:25:02,884 INFO  [log] Début du test -- Cas : 1.0 000
2018-06-26 10:25:02,915 INFO  [log] Fin du test -- Cas : 1.0
2018-06-26 10:25:06,129 INFO  [log] Début du test -- Cas : 1.0 000
2018-06-26 10:25:06,911 INFO  [log] Fin du test -- Cas : 1.0
2018-06-26 10:25:08,633 INFO  [log] Début du test -- Cas : 1.0 000
2018-06-26 10:25:08,665 INFO  [log] Fin du test -- Cas : 1.0
2018-06-26 10:25:12,209 INFO  [log] Début du test -- Cas : 1.0 000
2018-06-26 10:25:12,893 INFO  [log] Fin du test -- Cas : 1.0
2018-06-26 10:25:14,333 INFO  [log] Début du test -- Cas : 1.0 000
2018-06-26 10:25:14,366 INFO  [log] Fin du test -- Cas : 1.0
2018-06-26 10:25:16,523 INFO  [log] Début du test -- Cas : 1.0 000
2018-06-26 10:25:17,178 INFO  [log] Fin du test -- Cas : 1.0
2018-06-26 10:25:18,420 INFO  [log] Début du test -- Cas : C 000
2018-06-26 10:25:18,452 INFO  [log] Fin du test -- Cas : C
2018-06-26 10:25:19,595 INFO  [log] Début du test -- Cas : 1.0 000
2018-06-26 10:25:20,339 INFO  [log] Fin du test -- Cas : 1.0
2018-06-26 10:25:22,082 INFO  [log] Début du test -- Cas : C 000
2018-06-26 10:25:22,121 INFO  [log] Fin du test -- Cas : C
2018-06-26 10:25:23,014 INFO  [log] Début du test -- Cas : 1.0 000
2018-06-26 10:25:23,518 INFO  [log] Fin du test -- Cas : 1.0
2018-06-26 10:25:24,795 INFO  [log] Début du test -- Cas : 1.0 000
2018-06-26 10:25:24,823 INFO  [log] Fin du test -- Cas : 1.0
2018-06-26 10:25:26,282 INFO  [log] Début du test -- Cas : 1.0 000
2018-06-26 10:25:27,030 INFO  [log] Fin du test -- Cas : 1.0
2018-06-26 10:25:28,696 INFO  [log] Début du test -- Cas : C 000
2018-06-26 10:25:28,748 INFO  [log] Fin du test -- Cas : C
2018-06-26 10:25:30,363 INFO  [log] Début du test -- Cas : 1.0 000
2018-06-26 10:25:31,318 INFO  [log] Fin du test -- Cas : 1.0
2018-06-26 10:25:32,897 INFO  [log] Début du test -- Cas : 1.0 000
2018-06-26 10:25:32,927 INFO  [log] Fin du test -- Cas : 1.0
2018-06-26 10:25:33,678 INFO  [log] Début du test -- Cas : 1.0 000
2018-06-26 10:25:34,611 INFO  [log] Fin du test -- Cas : 1.0
2018-06-26 10:25:36,151 INFO  [log] Début du test -- Cas : ANDROID 000
2018-06-26 10:25:36,189 INFO  [log] Fin du test -- Cas : ANDROID
2018-06-26 10:25:37,120 INFO  [log] Début du test -- Cas : 1.0 000
2018-06-26 10:25:37,988 INFO  [log] Fin du test -- Cas : 1.0
2018-06-26 10:25:39,488 INFO  [log] Début du test -- Cas : C 000
2018-06-26 10:25:41,358 INFO  [log] Fin du test -- Cas : C
2018-06-26 10:25:42,311 INFO  [log] Début du test -- Cas : 1.0 000
2018-06-26 10:25:43,299 INFO  [log] Fin du test -- Cas : 1.0
2018-06-26 10:25:45,004 INFO  [log] Début du test -- Cas : C 000
2018-06-26 10:25:45,035 INFO  [log] Fin du test -- Cas : C
2018-06-26 10:25:45,802 INFO  [log] Début du test -- Cas : 1.0 000
2018-06-26 10:25:46,917 INFO  [log] Fin du test -- Cas : 1.0
2018-06-26 10:25:48,486 INFO  [log] Début du test -- Cas : 1.0 000
2018-06-26 10:25:48,512 INFO  [log] Fin du test -- Cas : 1.0
2018-06-26 10:25:49,494 INFO  [log] Début du test -- Cas : 1.0 000
2018-06-26 10:25:50,391 INFO  [log] Fin du test -- Cas : 1.0
2018-06-26 10:25:51,914 INFO  [log] Début du test -- Cas : 1.0 000
2018-06-26 10:25:52,189 INFO  [log] Fin du test -- Cas : 1.0
2018-06-26 10:25:53,101 INFO  [log] Début du test -- Cas : 1.1 000
2018-06-26 10:25:53,928 INFO  [log] Fin du test -- Cas : 1.1
2018-06-26 10:25:55,613 INFO  [log] Début du test -- Cas : 1.0 000
2018-06-26 10:25:56,487 INFO  [log] Fin du test -- Cas : 1.0
2018-06-26 10:25:58,080 INFO  [log] Début du test -- Cas : 1.0 196
2018-06-26 10:25:58,198 INFO  [log] Fin du test -- Cas : 1.0
2018-06-26 10:25:59,645 INFO  [log] Début du test -- Cas : 1.0 000
2018-06-26 10:26:01,039 INFO  [log] Fin du test -- Cas : 1.0
2018-06-26 10:26:01,039 INFO  [log] Début du test -- Cas : 1.0 300
2018-06-26 10:26:02,479 INFO  [log] Fin du test -- Cas : 1.0
2018-06-26 10:26:02,555 INFO  [log] Début du test -- Cas : 1.0 381
2018-06-26 10:26:03,171 INFO  [log] Fin du test -- Cas : 1.0
2018-06-26 10:26:03,171 INFO  [log] Début du test -- Cas : 1.0 312
2018-06-26 10:26:04,293 INFO  [log] Fin du test -- Cas : 1.0
2018-06-26 10:26:04,702 INFO  [log] Début du test -- Cas : A 000
2018-06-26 10:26:05,471 INFO  [log] Fin du test -- Cas : A
2018-06-26 10:26:05,653 INFO  [log] Début du test -- Cas : 1.0 000
2018-06-26 10:26:06,360 INFO  [log] Fin du test -- Cas : 1.0
2018-06-26 10:26:06,361 INFO  [log] Début du test -- Cas : 1.0 307
2018-06-26 10:26:09,244 INFO  [log] Fin du test -- Cas : 1.0
2018-06-26 10:26:09,334 INFO  [log] Début du test -- Cas : 1.0 300
2018-06-26 10:26:09,794 INFO  [log] Fin du test -- Cas : 1.0
2018-06-26 10:26:09,794 INFO  [log] Début du test -- Cas : 1.0 384
2018-06-26 10:26:10,313 INFO  [log] Fin du test -- Cas : 1.0
2018-06-26 10:26:10,478 INFO  [log] Début du test -- Cas : 1.0 000
2018-06-26 10:26:11,459 INFO  [log] Fin du test -- Cas : 1.0
2018-06-26 10:26:12,997 INFO  [log] Début du test -- Cas : 1.0 000
2018-06-26 10:26:13,110 INFO  [log] Fin du test -- Cas : 1.0
2018-06-26 10:26:13,875 INFO  [log] Début du test -- Cas : 1.0 311 
2018-06-26 10:26:14,523 INFO  [log] Fin du test -- Cas : 1.0
2018-06-26 10:26:14,551 INFO  [log] Début du test -- Cas : 1.0 307
2018-06-26 10:26:15,165 INFO  [log] Fin du test -- Cas : 1.0
2018-06-26 10:26:15,165 INFO  [log] Début du test -- Cas : 1.0 300
2018-06-26 10:26:15,764 INFO  [log] Fin du test -- Cas : 1.0
2018-06-26 10:26:15,764 INFO  [log] Début du test -- Cas : 1.0 000
2018-06-26 10:26:16,364 INFO  [log] Fin du test -- Cas : 1.0
2018-06-26 10:26:16,423 INFO  [log] Début du test -- Cas : 1.2 384
2018-06-26 10:26:16,941 INFO  [log] Fin du test -- Cas : 1.2
2018-06-26 10:26:17,092 INFO  [log] Début du test -- Cas : 1.0 000
2018-06-26 10:26:17,780 INFO  [log] Fin du test -- Cas : 1.0
2018-06-26 10:26:17,780 INFO  [log] Début du test -- Cas : 1.0 307
2018-06-26 10:26:18,300 INFO  [log] Fin du test -- Cas : 1.0
2018-06-26 10:26:18,301 INFO  [log] Début du test -- Cas : 1.0 300
2018-06-26 10:26:19,006 INFO  [log] Fin du test -- Cas : 1.0
2018-06-26 10:26:19,007 INFO  [log] Début du test -- Cas : 1.3 384
2018-06-26 10:26:19,607 INFO  [log] Fin du test -- Cas : 1.3
2018-06-26 10:26:19,744 INFO  [log] Début du test -- Cas : 1.1 000
2018-06-26 10:26:19,940 INFO  [log] Fin du test -- Cas : 1.1
2018-06-26 10:26:20,703 INFO  [log] Début du test -- Cas : 1.2 000
2018-06-26 10:26:21,067 INFO  [log] Fin du test -- Cas : 1.2
2018-06-26 10:26:21,067 INFO  [log] Début du test -- Cas : 1.1 307
2018-06-26 10:26:22,188 INFO  [log] Fin du test -- Cas : 1.1
2018-06-26 10:26:22,188 INFO  [log] Début du test -- Cas : 1.0 300
2018-06-26 10:26:22,791 INFO  [log] Fin du test -- Cas : 1.0
2018-06-26 10:26:22,846 INFO  [log] Début du test -- Cas : 1.2 310
2018-06-26 10:26:23,599 INFO  [log] Fin du test -- Cas : 1.2
2018-06-26 10:26:23,599 INFO  [log] Début du test -- Cas : 1.3 384
2018-06-26 10:26:24,115 INFO  [log] Fin du test -- Cas : 1.3
2018-06-26 10:26:24,888 INFO  [log] Début du test -- Cas : 1.0 196
2018-06-26 10:26:25,492 INFO  [log] Fin du test -- Cas : 1.0
2018-06-26 10:26:25,492 INFO  [log] Début du test -- Cas : 1.0 307
2018-06-26 10:26:26,094 INFO  [log] Fin du test -- Cas : 1.0
2018-06-26 10:26:26,094 INFO  [log] Début du test -- Cas : 1.4 384
2018-06-26 10:26:26,611 INFO  [log] Fin du test -- Cas : 1.4
2018-06-26 10:26:26,611 INFO  [log] Début du test -- Cas : 1.0 300
2018-06-26 10:26:27,216 INFO  [log] Fin du test -- Cas : 1.0
2018-06-26 10:26:28,083 INFO  [log] Début du test --Cas: 1.2 307
2018-06-26 10:26:28,682 INFO  [log] Fin du test --cas: 1.2
2018-06-26 10:26:28,682 INFO  [log] Début du test --Cas: 1.0 300
2018-06-26 10:26:29,581 INFO  [log] Fin du test --cas: 1.0
2018-06-26 10:26:29,583 INFO  [log] Début du test --Cas: 1.2 305
2018-06-26 10:26:30,469 INFO  [log] Fin du test --cas: 1.2
2018-06-26 10:26:30,469 INFO  [log] Début du test --Cas: 1.0 306
2018-06-26 10:26:31,264 INFO  [log] Fin du test --cas: 1.0
2018-06-26 10:26:31,265 INFO  [log] Début du test --Cas: 1.3 384
2018-06-26 10:26:31,783 INFO  [log] Fin du test --cas: 1.3
2018-06-26 10:26:31,783 INFO  [log] Début du test --Cas: 1.2 304
2018-06-26 10:26:33,032 INFO  [log] Fin du test --cas: 1.2
2018-06-26 10:26:33,280 INFO  [log] Début du test -- Cas : 1.0 000
2018-06-26 10:26:33,888 INFO  [log] Fin du test -- Cas : 1.0
2018-06-26 10:26:34,139 INFO  [log] Début du test -- Cas : 1.0 300
2018-06-26 10:26:34,866 INFO  [log] Fin du test -- Cas : 1.0
2018-06-26 10:26:34,866 INFO  [log] Début du test -- Cas : 1.0 384
2018-06-26 10:26:35,386 INFO  [log] Fin du test -- Cas : 1.0
2018-06-26 10:26:35,386 INFO  [log] Début du test -- Cas : 1.0 000
2018-06-26 10:26:36,117 INFO  [log] Fin du test -- Cas : 1.0
2018-06-26 10:26:36,117 INFO  [log] Début du test -- Cas : 1.0 307
2018-06-26 10:26:36,630 INFO  [log] Fin du test -- Cas : 1.0
2018-06-26 10:26:36,631 INFO  [log] Début du test -- Cas : 1.0 196
2018-06-26 10:26:37,234 INFO  [log] Fin du test -- Cas : 1.0
2018-06-26 10:26:37,596 INFO  [log] Début du test -- Cas : 1.0 000
2018-06-26 10:26:38,281 INFO  [log] Fin du test -- Cas : 1.0
2018-06-26 10:26:38,282 INFO  [log] Début du test -- Cas : 1.0 309
2018-06-26 10:26:38,987 INFO  [log] Fin du test -- Cas : 1.0
2018-06-26 10:26:38,987 INFO  [log] Début du test -- Cas : 1.0 307
2018-06-26 10:26:39,497 INFO  [log] Fin du test -- Cas : 1.0
2018-06-26 10:26:39,497 INFO  [log] Début du test -- Cas : 1.0 384
2018-06-26 10:26:40,016 INFO  [log] Fin du test -- Cas : 1.0
2018-06-26 10:26:40,016 INFO  [log] Début du test -- Cas : 1.0 300
2018-06-26 10:26:40,719 INFO  [log] Fin du test -- Cas : 1.0
2018-06-26 10:26:40,857 INFO  [log] Début du test -- Cas : 1.0 000
2018-06-26 10:26:41,688 INFO  [log] Fin du test -- Cas : 1.0
2018-06-26 10:26:41,782 INFO  [log] Début du test -- Cas : 1.2 307
2018-06-26 10:26:42,358 INFO  [log] Fin du test -- Cas : 1.2
2018-06-26 10:26:42,358 INFO  [log] Début du test -- Cas : 1.0 300
2018-06-26 10:26:42,955 INFO  [log] Fin du test -- Cas : 1.0
2018-06-26 10:26:42,955 INFO  [log] Début du test -- Cas : 1.4 384
2018-06-26 10:26:43,477 INFO  [log] Fin du test -- Cas : 1.4
2018-06-26 10:26:43,744 INFO  [log] Début du test -- Cas : 1.0 196
2018-06-26 10:26:44,347 INFO  [log] Fin du test -- Cas : 1.0
2018-06-26 10:26:44,347 INFO  [log] Début du test -- Cas : 1.2 307
2018-06-26 10:26:44,945 INFO  [log] Fin du test -- Cas : 1.2
2018-06-26 10:26:44,946 INFO  [log] Début du test -- Cas : 1.0 384
2018-06-26 10:26:45,527 INFO  [log] Fin du test -- Cas : 1.0
2018-06-26 10:26:45,527 INFO  [log] Début du test -- Cas : 1.0 300
2018-06-26 10:26:46,168 INFO  [log] Fin du test -- Cas : 1.0
2018-06-26 10:26:46,302 INFO  [log] Début du test -- Cas : 1.0 000
2018-06-26 10:26:46,895 INFO  [log] Fin du test -- Cas : 1.0
2018-06-26 10:26:46,917 INFO  [log] Début du test -- Cas : 1.0 307
2018-06-26 10:26:47,519 INFO  [log] Fin du test -- Cas : 1.0
2018-06-26 10:26:47,519 INFO  [log] Début du test -- Cas : 1.0 300
2018-06-26 10:26:48,118 INFO  [log] Fin du test -- Cas : 1.0
2018-06-26 10:26:48,118 INFO  [log] Début du test -- Cas : 1.1 384
2018-06-26 10:26:48,637 INFO  [log] Fin du test -- Cas : 1.1
2018-06-26 10:26:49,090 INFO  [log] Début du test -- Cas : 1.1 000
2018-06-26 10:26:49,841 INFO  [log] Fin du test -- Cas : 1.1
2018-06-26 10:26:50,035 INFO  [log] Début du test -- Cas : 1.0 000
2018-06-26 10:26:50,632 INFO  [log] Fin du test -- Cas : 1.0
2018-06-26 10:26:50,853 INFO  [log] Début du test -- Cas : 1.1 000
2018-06-26 10:26:51,443 INFO  [log] Fin du test -- Cas : 1.1
2018-06-26 10:26:51,586 INFO  [log] Début du test -- Cas : null 300
2018-06-26 10:26:51,594 INFO  [log] Fin du test -- Cas : null
2018-06-26 10:26:52,260 INFO  [log] Début du test -- Cas : 1.0 000
2018-06-26 10:26:53,171 INFO  [log] Fin du test -- Cas : 1.0
2018-06-26 10:26:54,695 INFO  [log] Début du test -- Cas : C 000
2018-06-26 10:26:54,725 INFO  [log] Fin du test -- Cas : C
2018-06-26 10:26:55,475 INFO  [log] Début du test -- Cas : 1.1 000
2018-06-26 10:26:56,291 INFO  [log] Fin du test -- Cas : 1.1
2018-06-26 10:26:57,956 INFO  [log] Début du test -- Cas : A 000
2018-06-26 10:26:57,986 INFO  [log] Fin du test -- Cas : A
2018-06-26 10:26:58,656 INFO  [log] Début du test -- Cas : 1.1 000
2018-06-26 10:26:59,469 INFO  [log] Fin du test -- Cas : 1.1
2018-06-26 10:27:01,026 INFO  [log] Début du test -- Cas : A 000
2018-06-26 10:27:01,055 INFO  [log] Fin du test -- Cas : A
2018-06-26 10:27:02,622 INFO  [log] Début du test -- Cas :  
2018-06-26 10:27:03,134 INFO  [log] Fin du test -- Cas : 
2018-06-26 10:27:03,275 INFO  [log] Début du test -- Cas : C 000
2018-06-26 10:27:03,810 INFO  [log] Fin du test -- Cas : C
2018-06-26 10:27:03,961 INFO  [log] Début du test -- Cas : 1.1 000
2018-06-26 10:27:04,996 INFO  [log] Fin du test -- Cas : 1.1
2018-06-26 10:27:06,669 INFO  [log] Début du test -- Cas : A 000
2018-06-26 10:27:06,699 INFO  [log] Fin du test -- Cas : A
2018-06-26 10:27:08,311 INFO  [log] Début du test -- Cas : 1.0 000
2018-06-26 10:27:09,057 INFO  [log] Fin du test -- Cas : 1.0
2018-06-26 10:27:10,567 INFO  [log] Début du test -- Cas : C 000
2018-06-26 10:27:10,601 INFO  [log] Fin du test -- Cas : C
2018-06-26 10:27:11,465 INFO  [log] Début du test -- Cas : 1.0 000
2018-06-26 10:27:12,191 INFO  [log] Fin du test -- Cas : 1.0
2018-06-26 10:27:13,568 INFO  [log] Début du test -- Cas : C 000
2018-06-26 10:27:13,599 INFO  [log] Fin du test -- Cas : C
2018-06-26 10:27:14,592 INFO  [log] Début du test -- Cas : 1.0 000
2018-06-26 10:27:15,225 INFO  [log] Fin du test -- Cas : 1.0
2018-06-26 10:27:15,347 INFO  [log] Début du test -- Cas : 1.0 000
2018-06-26 10:27:16,210 INFO  [log] Fin du test -- Cas : 1.0
2018-06-26 10:27:17,812 INFO  [log] Début du test -- Cas : 1.0 000
2018-06-26 10:27:17,843 INFO  [log] Fin du test -- Cas : 1.0
2018-06-26 10:27:18,708 INFO  [log] Début du test -- Cas : 1.1 000
2018-06-26 10:27:19,650 INFO  [log] Fin du test -- Cas : 1.1
2018-06-26 10:27:21,133 INFO  [log] Début du test -- Cas : 1.1 000
2018-06-26 10:27:21,309 INFO  [log] Fin du test -- Cas : 1.1
2018-06-26 10:27:22,190 INFO  [log] Début du test -- Cas : 1.0 000
2018-06-26 10:27:22,897 INFO  [log] Fin du test -- Cas : 1.0
2018-06-26 10:27:24,042 INFO  [log] Début du test -- Cas : 1.0 000
2018-06-26 10:27:24,200 INFO  [log] Fin du test -- Cas : 1.0
2018-06-26 10:27:25,037 INFO  [log] Début du test -- Cas : 1.0 000
2018-06-26 10:27:25,582 INFO  [log] Fin du test -- Cas : 1.0
2018-06-26 10:27:26,812 INFO  [log] Début du test -- Cas : 1.0 000
2018-06-26 10:27:27,019 INFO  [log] Fin du test -- Cas : 1.0
2018-06-26 10:27:27,905 INFO  [log] Début du test -- Cas : 1.1 000
2018-06-26 10:27:28,927 INFO  [log] Fin du test -- Cas : 1.1
2018-06-26 10:27:30,334 INFO  [log] Début du test -- Cas : 1.1 000
2018-06-26 10:27:30,442 INFO  [log] Fin du test -- Cas : 1.1
2018-06-26 10:27:31,212 INFO  [log] Début du test -- Cas : 1.0 000
2018-06-26 10:27:31,917 INFO  [log] Fin du test -- Cas : 1.0
2018-06-26 10:27:33,323 INFO  [log] Début du test -- Cas : 1.0 000
2018-06-26 10:27:33,414 INFO  [log] Fin du test -- Cas : 1.0
2018-06-26 10:27:36,483 INFO  [log] Début du test -- Cas : 1.0 000
2018-06-26 10:27:37,271 INFO  [log] Fin du test -- Cas : 1.0
2018-06-26 10:27:38,907 INFO  [log] Début du test -- Cas : 1.0 000
2018-06-26 10:27:39,123 INFO  [log] Fin du test -- Cas : 1.0
2018-06-26 10:27:39,949 INFO  [log] Début du test -- Cas : 1.0 000
2018-06-26 10:27:40,795 INFO  [log] Fin du test -- Cas : 1.0
2018-06-26 10:27:42,397 INFO  [log] Début du test -- Cas : 1.0 000
2018-06-26 10:27:42,599 INFO  [log] Fin du test -- Cas : 1.0
2018-06-26 10:27:43,399 INFO  [log] Début du test -- Cas : 1.0 000
2018-06-26 10:27:44,319 INFO  [log] Fin du test -- Cas : 1.0
2018-06-26 10:27:45,836 INFO  [log] Début du test -- Cas : 1.0 000
2018-06-26 10:27:45,866 INFO  [log] Fin du test -- Cas : 1.0
2018-06-26 10:27:46,811 INFO  [log] Début du test -- Cas : 1.0 000
2018-06-26 10:27:47,325 INFO  [log] Fin du test -- Cas : 1.0
2018-06-26 10:27:48,761 INFO  [log] Début du test -- Cas : 1.0 000
2018-06-26 10:27:48,794 INFO  [log] Fin du test -- Cas : 1.0
2018-06-26 10:27:49,632 INFO  [log] Début du test -- Cas : 1.0 000
2018-06-26 10:27:50,459 INFO  [log] Fin du test -- Cas : 1.0
2018-06-26 10:27:51,982 INFO  [log] Début du test -- Cas : 1.0 000
2018-06-26 10:27:52,011 INFO  [log] Fin du test -- Cas : 1.0
2018-06-26 10:27:53,231 INFO  [log] Début du test -- Cas : 1.1 000
2018-06-26 10:27:54,044 INFO  [log] Fin du test -- Cas : 1.1
2018-06-26 10:27:55,391 INFO  [log] Début du test -- Cas : ANDROID 000
2018-06-26 10:27:55,415 INFO  [log] Fin du test -- Cas : ANDROID
2018-06-26 10:27:56,294 INFO  [log] Début du test -- Cas : 1.1 000
2018-06-26 10:27:57,053 INFO  [log] Fin du test -- Cas : 1.1
2018-06-26 10:27:58,450 INFO  [log] Début du test -- Cas : A 000
2018-06-26 10:27:58,473 INFO  [log] Fin du test -- Cas : A
2018-06-26 10:27:59,153 INFO  [log] Début du test -- Cas : 1.1 000
2018-06-26 10:27:59,914 INFO  [log] Fin du test -- Cas : 1.1
2018-06-26 10:28:01,833 INFO  [log] Début du test -- Cas : 1.1 000
2018-06-26 10:28:01,919 INFO  [log] Fin du test -- Cas : 1.1
2018-06-26 10:28:04,329 INFO  [log] Début du test -- Cas : 1.1 000
2018-06-26 10:28:05,263 INFO  [log] Fin du test -- Cas : 1.1
2018-06-26 10:28:07,090 INFO  [log] Début du test -- Cas : 1.1 000
2018-06-26 10:28:07,120 INFO  [log] Fin du test -- Cas : 1.1
2018-06-26 10:28:08,466 INFO  [log] Début du test -- Cas : 1.1 000
2018-06-26 10:28:09,217 INFO  [log] Fin du test -- Cas : 1.1
2018-06-26 10:28:10,579 INFO  [log] Début du test -- Cas : 1.1 000
2018-06-26 10:28:10,612 INFO  [log] Fin du test -- Cas : 1.1
2018-06-26 10:28:13,799 INFO  [log] Début du test -- Cas : 1.1 000
2018-06-26 10:28:14,716 INFO  [log] Fin du test -- Cas : 1.1
2018-06-26 10:28:16,331 INFO  [log] Début du test -- Cas : A 000
2018-06-26 10:28:16,405 INFO  [log] Fin du test -- Cas : A
2018-06-26 10:28:18,463 INFO  [log] Début du test -- Cas : 1.1 000
2018-06-26 10:28:19,236 INFO  [log] Fin du test -- Cas : 1.1
2018-06-26 10:28:20,634 INFO  [log] Début du test -- Cas : 1.1 000
2018-06-26 10:28:20,669 INFO  [log] Fin du test -- Cas : 1.1
2018-06-26 10:28:21,403 INFO  [log] Début du test -- Cas : 1.1 000
2018-06-26 10:28:22,109 INFO  [log] Fin du test -- Cas : 1.1
2018-06-26 10:28:23,464 INFO  [log] Début du test -- Cas : ANDROID 000
2018-06-26 10:28:23,483 INFO  [log] Fin du test -- Cas : ANDROID
2018-06-26 10:28:24,325 INFO  [log] Début du test -- Cas : 1.1 000
2018-06-26 10:28:24,963 INFO  [log] Fin du test -- Cas : 1.1
2018-06-26 10:28:26,427 INFO  [log] Début du test -- Cas : 1.1 000
2018-06-26 10:28:26,455 INFO  [log] Fin du test -- Cas : 1.1
2018-06-26 10:28:28,458 INFO  [log] Début du test -- Cas : 1.0 000
2018-06-26 10:28:29,249 INFO  [log] Fin du test -- Cas : 1.0
2018-06-26 10:28:29,490 INFO  [log] Début du test -- Cas : 1.0 000
2018-06-26 10:28:30,135 INFO  [log] Fin du test -- Cas : 1.0
2018-06-26 10:28:30,135 INFO  [log] Début du test -- Cas : 1.0 307
2018-06-26 10:28:30,644 INFO  [log] Fin du test -- Cas : 1.0
2018-06-26 10:28:30,644 INFO  [log] Début du test -- Cas : 1.5 384
2018-06-26 10:28:31,159 INFO  [log] Fin du test -- Cas : 1.5
2018-06-26 10:28:31,159 INFO  [log] Début du test -- Cas : 1.0 300
2018-06-26 10:28:31,825 INFO  [log] Fin du test -- Cas : 1.0
2018-06-26 10:28:32,335 INFO  [log] Début du test -- Cas : 1.1 384
2018-06-26 10:28:32,348 INFO  [log] Fin du test -- Cas : 1.1
2018-06-26 10:28:32,348 INFO  [log] Début du test -- Cas : 1.0 000
2018-06-26 10:28:33,318 INFO  [log] Fin du test -- Cas : 1.0
2018-06-26 10:28:33,318 INFO  [log] Début du test -- Cas : 1.0 307
2018-06-26 10:28:33,831 INFO  [log] Fin du test -- Cas : 1.0
2018-06-26 10:28:33,832 INFO  [log] Début du test -- Cas : 1.0 300
2018-06-26 10:28:34,678 INFO  [log] Fin du test -- Cas : 1.0
2018-06-26 10:28:35,669 INFO  [log] Début du test -- Cas : 1.0 000
2018-06-26 10:28:37,061 INFO  [log] Fin du test -- Cas : 1.0
2018-06-26 10:28:38,172 INFO  [log] Début du test -- Cas : 1.0 000
2018-06-26 10:28:39,020 INFO  [log] Fin du test -- Cas : 1.0
2018-06-26 10:28:39,020 INFO  [log] [WYSLCoA4Q4]
